SF:scaffold.js
DA:1,3
DA:2,3
DA:3,3
DA:33,6
DA:34,6
DA:35,6
DA:36,3
DA:38,3
DA:43,6
DA:44,3
DA:45,3
DA:46,0
DA:47,0
DA:49,3
DA:52,3
DA:57,0
DA:59,0
DA:60,0
DA:61,0
DA:63,0
DA:64,0
DA:65,0
DA:72,0
DA:79,0
DA:80,0
DA:82,0
DA:90,0
DA:92,0
DA:93,0
DA:94,0
DA:95,0
DA:96,0
DA:97,0
DA:99,0
DA:100,0
DA:101,0
DA:108,0
DA:112,0
DA:113,0
DA:115,0
DA:123,0
DA:128,0
DA:132,0
DA:133,0
DA:140,0
DA:141,0
DA:142,0
DA:144,0
DA:145,0
DA:149,0
DA:154,0
DA:183,0
DA:188,0
DA:193,0
DA:194,0
DA:195,0
DA:197,0
DA:198,0
DA:199,0
DA:200,0
DA:202,0
DA:209,0
DA:214,0
DA:215,0
DA:219,3
BRDA:35,0,0,3
BRDA:35,0,1,3
BRDA:43,1,0,3
BRDA:43,1,1,3
BRDA:45,2,0,0
BRDA:45,2,1,3
BRDA:60,3,0,0
BRDA:60,3,1,0
BRDA:64,4,0,0
BRDA:64,4,1,0
BRDA:96,5,0,0
BRDA:96,5,1,0
BRDA:112,6,0,0
BRDA:112,6,1,0
BRDA:141,7,0,0
BRDA:141,7,1,0
BRDA:194,8,0,0
BRDA:194,8,1,0
BRDA:199,9,0,0
BRDA:199,9,1,0
end_of_record
SF:tests\utils\tempfolder.js
DA:1,6
DA:2,6
DA:3,6
DA:4,6
DA:6,6
DA:7,6
DA:9,6
DA:11,6
DA:12,6
DA:15,6
DA:16,9
DA:17,9
DA:23,6
DA:26,6
BRDA:11,0,0,6
BRDA:11,0,1,0
end_of_record
